This is pdfTeX, Version 3.14159265-2.6-1.40.18 (TeX Live 2017/Debian) (preloaded format=pdflatex 2020.1.21)  30 AUG 2020 15:06
entering extended mode
 restricted \write18 enabled.
 %&-line parsing enabled.
**tesi/
(/usr/share/texlive/texmf-dist/tex/latex/tools/q.tex
LaTeX2e <2017-04-15>
Babel <3.18> and hyphenation patterns for 7 language(s) loaded.
File ignored
)
! Emergency stop.
<*> tesi/
         
*** (job aborted, no legal \end found)

 
Here is how much of TeX's memory you used:
 8 strings out of 494847
 252 string characters out of 6179080
 46224 words of memory out of 5000000
 3430 multiletter control sequences out of 15000+600000
 3640 words of font info for 14 fonts, out of 8000000 for 9000
 59 hyphenation exceptions out of 8191
 5i,0n,1p,85b,8s stack positions out of 5000i,500n,10000p,200000b,80000s
!  ==> Fatal error occurred, no output PDF file produced!
