\BOOKMARK [0][-]{chapter*.4}{Introduction}{}% 1
\BOOKMARK [0][-]{chapter.1}{Cell Differentiation }{}% 2
\BOOKMARK [1][-]{section.1.1}{Definition}{chapter.1}% 3
\BOOKMARK [1][-]{section.1.2}{The role of Gene expression in cellular differentiation}{chapter.1}% 4
\BOOKMARK [0][-]{chapter.2}{Immunosystem and T-Cells}{}% 5
\BOOKMARK [1][-]{section.2.1}{T-Cells}{chapter.2}% 6
\BOOKMARK [1][-]{section.2.2}{Life cycle of T lymphocytes}{chapter.2}% 7
\BOOKMARK [1][-]{section.2.3}{Activation of T lymphocytes}{chapter.2}% 8
\BOOKMARK [1][-]{section.2.4}{Immunotherapy}{chapter.2}% 9
\BOOKMARK [0][-]{chapter.3}{Gene Regulatory Networks}{}% 10
\BOOKMARK [1][-]{section.3.1}{Definition}{chapter.3}% 11
\BOOKMARK [1][-]{section.3.2}{Modelling GRNs}{chapter.3}% 12
\BOOKMARK [1][-]{section.3.3}{Principle of the models}{chapter.3}% 13
\BOOKMARK [0][-]{chapter.4}{Random Boolean Networks}{}% 14
\BOOKMARK [1][-]{section.4.1}{Random Boolean Networks}{chapter.4}% 15
\BOOKMARK [1][-]{section.4.2}{The model}{chapter.4}% 16
\BOOKMARK [1][-]{section.4.3}{Topology}{chapter.4}% 17
\BOOKMARK [1][-]{section.4.4}{Dynamics}{chapter.4}% 18
\BOOKMARK [0][-]{chapter.5}{The model}{}% 19
\BOOKMARK [1][-]{section.5.1}{The underlying philosophy of the model}{chapter.5}% 20
\BOOKMARK [1][-]{section.5.2}{The mathematical model and related problems}{chapter.5}% 21
\BOOKMARK [0][-]{chapter.6}{Analysis}{}% 22
\BOOKMARK [1][-]{section.6.1}{Implementation}{chapter.6}% 23
\BOOKMARK [1][-]{section.6.2}{Discrete evolution}{chapter.6}% 24
\BOOKMARK [1][-]{section.6.3}{Loops and Control nodes}{chapter.6}% 25
\BOOKMARK [1][-]{section.6.4}{Noise}{chapter.6}% 26
\BOOKMARK [0][-]{chapter*.6}{Bibliography}{}% 27
